<?xml version="1.0" encoding="UTF-8"?>
<testsuite xmlns:xsi="http://www.w3.org/2001/XMLSchema-instance" xsi:noNamespaceSchemaLocation="https://maven.apache.org/surefire/maven-surefire-plugin/xsd/surefire-test-report-3.0.xsd" version="3.0" name="run.RunCukesTest" time="9.989" tests="2" errors="0" skipped="0" failures="0">
  <properties>
[...]
</properties>
  <testcase name="Landing hero section working properly" classname="Landing page" time="8.224">
    <system-out><![CDATA[
@Testing
Scenario: Landing hero section working properly                  # src/test/resources/features/Landing.feature:3
  Given User opens home page                                     # step_definitions.LandingSteps.user_opens_home_page()
  Then Heading should be visible                                 # step_definitions.LandingSteps.heading_should_be_visible()
  And Click scroll down button                                   # step_definitions.LandingSteps.clickScrollDownButton()
  And Verify heading about section is visible                    # step_definitions.LandingSteps.verifyHeadingAboutSectionIsVisible()
  Then Verify scroll until my project section heading is visible # step_definitions.LandingSteps.verifyScrollUntilMyProjectSectionHedingIsVisible()
]]></system-out>
    <system-err><![CDATA[SLF4J(W): No SLF4J providers were found.
SLF4J(W): Defaulting to no-operation (NOP) logger implementation
SLF4J(W): See https://www.slf4j.org/codes.html#noProviders for further details.
]]></system-err>
  </testcase>
  <testcase name="Verify all hero section working properly" classname="Landing page" time="1.55">
    <system-out><![CDATA[
@Testing
Scenario: Verify all hero section working properly                            # src/test/resources/features/Landing.feature:11
  Given User already on rafiimalfa.com portofolio page                        # step_definitions.HeroSectionSteps.userAlreadyOnRafiimalfaComPortofolioPage()
  Given Verify "HI! I AM" copywriting on hero section correct as per document # step_definitions.HeroSectionSteps.verifyCopywritingOnHeroSectionCorrectAsPerDocument(java.lang.String)
  Given Verify description "Quality Assurance"                                # step_definitions.HeroSectionSteps.verifyDescription(java.lang.String)
  Given Verify my profile image capsule appear properly                       # step_definitions.HeroSectionSteps.verifyMyProfileImageCapsuleAppearProperly()
]]></system-out>
  </testcase>
</testsuite>